[2026-06-30T03:37:34.373885] UPLOAD ERROR: YouTube token expired and refresh failed. Re-run scripts/encode_youtube_credentials.py and update YOUTUBE_TOKEN_BASE64.
  Topic: ஒரு கார்டு இல்லாமல், 120 கோடி பேரை இணைத்த மனிதர்
  Slug: c8f3a4291a3a

[2026-06-30T05:46:00.080395] UPLOAD ERROR: YouTube token expired and refresh failed. Re-run scripts/encode_youtube_credentials.py and update YOUTUBE_TOKEN_BASE64.
  Topic: நிகோலா டெஸ்லா — மின்சாரம் கொடுத்தவர் ஏன் மறக்கப்பட்டார்?
  Slug: 57ae8acd5b18

[2026-06-30T16:19:40.741695] UPLOAD ERROR: YouTube token expired and refresh failed. Re-run scripts/encode_youtube_credentials.py and update YOUTUBE_TOKEN_BASE64.
  Topic: பில்லியன் டாலர் லாபத்திலிருந்து பான் கடை ன் நசிவுக்கு – Paytm-ன் அதிர்ச்சி வீழ்ச்சி
  Slug: 1934c1883e98

[2026-07-01T06:06:08.034201] UPLOAD ERROR: YouTube token expired and refresh failed. Re-run scripts/encode_youtube_credentials.py and update YOUTUBE_TOKEN_BASE64.
  Topic: படிப்பை விட்டுவிட்டு, பார்ப்பதற்கே பணம் இல்லை. பிறகு இந்தியாவின் கண் மர்ம சாதனையாளர்!
  Slug: 251397579d36

[2026-07-01T16:25:39.226876] UPLOAD ERROR: YouTube token expired and refresh failed. Re-run scripts/encode_youtube_credentials.py and update YOUTUBE_TOKEN_BASE64.
  Topic: ஒரே ஒரு எண்ணம்... இந்தியாவின் 140 கோடி பேரையும் மாற்றியது!
  Slug: 82938b9caa97

[2026-07-02T05:21:47.558962] UPLOAD ERROR: YouTube token expired and refresh failed. Re-run scripts/encode_youtube_credentials.py and update YOUTUBE_TOKEN_BASE64.
  Topic: 50 ரூபாயில் ஆரம்பித்து, இந்தியாவின் டிஜிட்டல் பணம் புரட்சியை உருவாக்கியவர்!
  Slug: cd7ce7d1ca01

[2026-07-02T16:03:32.165172] UPLOAD ERROR: YouTube token expired and refresh failed. Re-run scripts/encode_youtube_credentials.py and update YOUTUBE_TOKEN_BASE64.
  Topic: இந்த பெண் வானில் சாகசம் செய்தார். ஆனால் அந்த நாள்... உலகம் கண்டிருக்காத முடிவு!
  Slug: 01b4603d5456

[2026-07-03T05:21:42.514345] UPLOAD ERROR: YouTube token expired and refresh failed. Re-run scripts/encode_youtube_credentials.py and update YOUTUBE_TOKEN_BASE64.
  Topic: இந்த இளைஞரைக் கேலி செய்தார்கள். இன்று இந்தியாவின் கண்-காட்சியைக் கட்டுப்படுத்துகிறார்!
  Slug: 67b034010175

[2026-07-03T15:53:25.220757] UPLOAD ERROR: YouTube token expired and refresh failed. Re-run scripts/encode_youtube_credentials.py and update YOUTUBE_TOKEN_BASE64.
  Topic: ஒரு கிராமத்து மனிதர் இந்தியாவின் sanitary napkin புரட்சி உருவாக்கினார்!
  Slug: bfb7af5679ee

[2026-07-04T05:18:55.982426] UPLOAD ERROR: YouTube token expired and refresh failed. Re-run scripts/encode_youtube_credentials.py and update YOUTUBE_TOKEN_BASE64.
  Topic: பதினேழே வயதில் பள்ளி கைவிட்டு, இந்தியாவின் இளைஞர் கோடீஸ்வரராக ஆனவர்!
  Slug: 25b47907a72a

[2026-07-04T15:05:00.576330] UPLOAD ERROR: YouTube token expired and refresh failed. Re-run scripts/encode_youtube_credentials.py and update YOUTUBE_TOKEN_BASE64.
  Topic: மதராஸில் பிறந்த இந்த பெண்... உலகின் பணம் எங்கும் போகும் என்பதை தீர்மானிக்கிறார்!
  Slug: 91095d0af26b

[2026-07-05T05:45:05.599616] UPLOAD ERROR: YouTube token expired and refresh failed. Re-run scripts/encode_youtube_credentials.py and update YOUTUBE_TOKEN_BASE64.
  Topic: ஒரு ரயில் டிக்கெட் கிடைக்கவில்லை. ஆனா இன்று Paytm-க்கு பில்லியன் பேர்கள்!
  Slug: 0348c7723591

[2026-07-05T15:03:59.320856] UPLOAD ERROR: YouTube token expired and refresh failed. Re-run scripts/encode_youtube_credentials.py and update YOUTUBE_TOKEN_BASE64.
  Topic: இந்த மொழி பேசும் பெண்... இந்தியாவின் மறைந்த IT மில்லியனேர்!
  Slug: 651040f02144

[2026-07-06T06:11:06.048647] UPLOAD ERROR: YouTube token expired and refresh failed. Re-run scripts/encode_youtube_credentials.py and update YOUTUBE_TOKEN_BASE64.
  Topic: பணமில்லாத குடிசையிலிருந்து உலக விந்தணிதான்: Sabyasachi-ன் அதிசய சேர்க்கை
  Slug: 5f28308eb773

[2026-07-06T16:45:35.841747] UPLOAD ERROR: YouTube token expired and refresh failed. Re-run scripts/encode_youtube_credentials.py and update YOUTUBE_TOKEN_BASE64.
  Topic: கர்னல் சாண்டர்ஸ் — 1009 முறை நிராகரிக்கப்பட்டவர்
  Slug: 8f2d34862944

[2026-07-07T05:42:08.516486] UPLOAD ERROR: YouTube token expired and refresh failed. Re-run scripts/encode_youtube_credentials.py and update YOUTUBE_TOKEN_BASE64.
  Topic: 10-ம் வகுப்பு விட்டுவிட்டு, இந்தியாவின் இளைஞர் பில்லியனாயர்!
  Slug: 789c24efd079

[2026-07-07T16:15:49.455118] UPLOAD ERROR: YouTube token expired and refresh failed. Re-run scripts/encode_youtube_credentials.py and update YOUTUBE_TOKEN_BASE64.
  Topic: இந்த எண் இந்தியாவை மாற்றியது. ஆனால் அதை யாரும் நம்பவில்லை.
  Slug: b9e7d5b44427

[2026-07-08T04:49:23.496130] UPLOAD ERROR: YouTube token expired and refresh failed. Re-run scripts/encode_youtube_credentials.py and update YOUTUBE_TOKEN_BASE64.
  Topic: பள்ளி விட்டபின் உலகம் மாற்றிய இளைஞன்: Nikhil Kamath
  Slug: 0d3434987902

[2026-07-08T16:00:05.538104] UPLOAD ERROR: YouTube token expired and refresh failed. Re-run scripts/encode_youtube_credentials.py and update YOUTUBE_TOKEN_BASE64.
  Topic: பங்குசந்தையை வென்ற 'மௌன' கோடீஸ்வரர்: D-Mart-ன் ரகசியம்
  Slug: 9312e177c6b9

[2026-07-09T05:51:09.211387] UPLOAD ERROR: YouTube token expired and refresh failed. Re-run scripts/encode_youtube_credentials.py and update YOUTUBE_TOKEN_BASE64.
  Topic: சூப்பர் 30: ஒரு கழிவறையில் இருந்து இந்தியாவின் டாப் 30 மாணவர்களை உருவாக்கியவர்
  Slug: 4382b8b179a7

[2026-07-09T16:24:13.324447] UPLOAD ERROR: YouTube token expired and refresh failed. Re-run scripts/encode_youtube_credentials.py and update YOUTUBE_TOKEN_BASE64.
  Topic: 10th class-ல் Dropout... இந்தியாவின் இளைஞர் பில்லியனேர்!
  Slug: e9e62738b852

[2026-07-10T05:42:13.325276] UPLOAD ERROR: YouTube token expired and refresh failed. Re-run scripts/encode_youtube_credentials.py and update YOUTUBE_TOKEN_BASE64.
  Topic: ஊழல், நாசம்... மீண்டும் இந்தியாவின் நம்பர் 1 நிறுவனமாக்கிய தமிழன்!
  Slug: 98af062753e7

[2026-07-10T16:06:58.066210] UPLOAD ERROR: YouTube token expired and refresh failed. Re-run scripts/encode_youtube_credentials.py and update YOUTUBE_TOKEN_BASE64.
  Topic: இந்த 3 வாரத்திலேயே இந்தியாவின் Amazon-ஐ ஆரம்பித்தார். ஆனால் 11 ஆண்டுகளில் அவரை என்ன நடந்தது தெரியுமா?
  Slug: 97629807a142

[2026-07-11T04:50:02.250622] UPLOAD ERROR: YouTube token expired and refresh failed. Re-run scripts/encode_youtube_credentials.py and update YOUTUBE_TOKEN_BASE64.
  Topic: குழந்தையின் பாதிப்பால் பிறந்த கோடிகள் மதிப்புள்ள நிறுவனம்: Ghazal Alagh-ன் போராட்டம்
  Slug: cec93a746ace

[2026-07-11T14:44:27.398236] UPLOAD ERROR: YouTube token expired and refresh failed. Re-run scripts/encode_youtube_credentials.py and update YOUTUBE_TOKEN_BASE64.
  Topic: ஐடி மன்னர்கள் நகரத்தில் – இவன் கிராமத்திலிருந்து உலகம் வென்றான்!
  Slug: d1c9fb4a7953

[2026-07-12T04:59:57.060590] UPLOAD ERROR: YouTube token expired and refresh failed. Re-run scripts/encode_youtube_credentials.py and update YOUTUBE_TOKEN_BASE64.
  Topic: பள்ளிக்கூடம் விட்டுவிட்டு, இந்தியாவின் இளம் கோடீஸ்வரர்
  Slug: 02b72f91af99

[2026-07-12T15:02:43.665594] UPLOAD ERROR: YouTube token expired and refresh failed. Re-run scripts/encode_youtube_credentials.py and update YOUTUBE_TOKEN_BASE64.
  Topic: உபரை உருவாக்கியது. அதைத்தான் தானே அழித்தார்!
  Slug: 78a19430adc6

[2026-07-13T05:08:22.863663] UPLOAD ERROR: YouTube token expired and refresh failed. Re-run scripts/encode_youtube_credentials.py and update YOUTUBE_TOKEN_BASE64.
  Topic: இவர் போய் நாணயமில்லாமல் வாழ்ந்தார். இன்று ஆயிரக்கணக்கானோர் இந்தியாவை நகைக்கு மாற்றினார்!
  Slug: 1da279c912e5

[2026-07-13T16:20:20.282580] UPLOAD ERROR: YouTube token expired and refresh failed. Re-run scripts/encode_youtube_credentials.py and update YOUTUBE_TOKEN_BASE64.
  Topic: பாட்டியின் எண்ணெய். உலகத்துக்கே வியப்பான மாற்றம்.
  Slug: b155c29faa49

[2026-07-14T04:39:27.750944] UPLOAD ERROR: YouTube token expired and refresh failed. Re-run scripts/encode_youtube_credentials.py and update YOUTUBE_TOKEN_BASE64.
  Topic: IBM-ஐ மீட்டு உலக வரலாற்றையே மாற்றிய தமிழன்!
  Slug: cfddeeb07831

[2026-07-14T15:23:33.031472] UPLOAD ERROR: YouTube token expired and refresh failed. Re-run scripts/encode_youtube_credentials.py and update YOUTUBE_TOKEN_BASE64.
  Topic: ஐடி பிலியனையர் — கிராமத்தில் இருந்து உலகை ஆளும் Sridhar Vembu
  Slug: 2b0ea3e5abc9

[2026-07-15T04:42:05.984247] UPLOAD ERROR: YouTube token expired and refresh failed. Re-run scripts/encode_youtube_credentials.py and update YOUTUBE_TOKEN_BASE64.
  Topic: படிப்பை விட்டு, 17-ல் வேலைக்கு, 24-ல் கோடி கோடியில் — இந்தியாவின் ஜெரோதை உருவாக்கிய நிகில் கமத்
  Slug: 1d3fe2f65e30

[2026-07-15T15:23:22.621013] UPLOAD ERROR: YouTube token expired and refresh failed. Re-run scripts/encode_youtube_credentials.py and update YOUTUBE_TOKEN_BASE64.
  Topic: AI-யை உருவாக்கும் தமிழச்சி: 3 முறைகள் தோல்வி, ஆனாலும் உலகம் வென்றார்!
  Slug: 32f3554e6831

[2026-07-16T04:50:57.049733] UPLOAD ERROR: YouTube token expired and refresh failed. Re-run scripts/encode_youtube_credentials.py and update YOUTUBE_TOKEN_BASE64.
  Topic: கடையில் வேலை பார்த்தவர் இந்தியாவின் ரீட்டெயில் கிங் ஆனார்!
  Slug: 46c86825c312

[2026-07-16T15:32:27.620308] UPLOAD ERROR: YouTube token expired and refresh failed. Re-run scripts/encode_youtube_credentials.py and update YOUTUBE_TOKEN_BASE64.
  Topic: 10th வகுப்பு Dropout-ஐ இந்தியா ஏன் பணக்காரராக மாற்றியது?
  Slug: 756f9cdc42bc

[2026-07-17T04:43:26.194445] UPLOAD ERROR: YouTube token expired and refresh failed. Re-run scripts/encode_youtube_credentials.py and update YOUTUBE_TOKEN_BASE64.
  Topic: நிகோலா டெஸ்லா — மின்சாரம் கொடுத்தவர் ஏன் மறக்கப்பட்டார்?
  Slug: 57ae8acd5b18

[2026-07-17T15:03:37.296493] UPLOAD ERROR: YouTube token expired and refresh failed. Re-run scripts/encode_youtube_credentials.py and update YOUTUBE_TOKEN_BASE64.
  Topic: 38 நிமிடங்கள் — வரலாற்றின் மிகக் குறுகிய போர்
  Slug: 68d9b7966067

[2026-07-18T04:28:02.192828] UPLOAD ERROR: YouTube token expired and refresh failed. Re-run scripts/encode_youtube_credentials.py and update YOUTUBE_TOKEN_BASE64.
  Topic: கர்னல் சாண்டர்ஸ் — 1009 முறை நிராகரிக்கப்பட்டவர்
  Slug: 8f2d34862944

[2026-07-18T14:41:02.710370] UPLOAD ERROR: YouTube token expired and refresh failed. Re-run scripts/encode_youtube_credentials.py and update YOUTUBE_TOKEN_BASE64.
  Topic: 38 நிமிடங்கள் — வரலாற்றின் மிகக் குறுகிய போர்
  Slug: 68d9b7966067

[2026-07-19T04:49:44.241894] UPLOAD ERROR: YouTube token expired and refresh failed. Re-run scripts/encode_youtube_credentials.py and update YOUTUBE_TOKEN_BASE64.
  Topic: 38 நிமிடங்கள் — வரலாற்றின் மிகக் குறுகிய போர்
  Slug: 68d9b7966067

[2026-07-19T14:44:39.131180] UPLOAD ERROR: YouTube token expired and refresh failed. Re-run scripts/encode_youtube_credentials.py and update YOUTUBE_TOKEN_BASE64.
  Topic: நிகோலா டெஸ்லா — மின்சாரம் கொடுத்தவர் ஏன் மறக்கப்பட்டார்?
  Slug: 57ae8acd5b18

